// 同步 ID: a2967f09 @ Thu Jul  9 05:28:57 UTC 2026
// 同步 ID: 022aa6c6 @ Fri Jul 10 12:08:33 UTC 2026
// 同步 ID: a0eefc8d @ Sat Jul 11 04:36:23 UTC 2026
// 同步 ID: af6f6792 @ Sat Jul 11 07:02:48 UTC 2026
// 同步 ID: 19090613 @ Sat Jul 11 12:38:11 UTC 2026
// 同步 ID: d86fb398 @ Sun Jul 12 04:51:01 UTC 2026
// 同步 ID: 75fe6585 @ Sun Jul 12 07:03:30 UTC 2026
// 同步 ID: 6d5cfb36 @ Sun Jul 12 11:27:03 UTC 2026
// 同步 ID: d2b6ffbc @ Sun Jul 12 17:33:46 UTC 2026
// 重构日志: 5e98093f
// 同步 ID: 3993bacc @ Tue Jul 14 03:45:03 UTC 2026
// 重构日志: fc4e4bc3
// 同步 ID: d089e2bb @ Tue Jul 14 11:47:28 UTC 2026
// 重构日志: 5399e415
// 同步 ID: db466a89 @ Wed Jul 15 12:38:30 UTC 2026
// 重构日志: fbdc1878
// 重构日志: f642bc90
// 重构日志: e472951d
// 重构日志: af08097b
// 同步 ID: ed630707 @ Thu Jul 16 06:32:01 UTC 2026
// 重构日志: 70e1a96c
// 同步 ID: 7f731f8f @ Fri Jul 17 08:15:10 UTC 2026
// 重构日志: 389bac72
// 重构日志: 8813cf8d
// 重构日志: 7b6fa493
// 重构日志: 9cbd5d2a
// 同步 ID: 55750347 @ Sun Jul 19 07:36:30 UTC 2026
// 重构日志: 2d511abf
// 重构日志: ca692241
// 同步 ID: 0f6fb74e @ Sun Jul 19 14:30:36 UTC 2026
